<?xml version="1.0" encoding="UTF-8"?>
<!-- Generated by org.testng.reporters.JUnitReportReporter -->
<testsuite hostname="DESKTOP-21H3QC5" failures="0" tests="1" name="testBase.AccountRegistrationClass" time="2.462" errors="0" timestamp="2024-08-20T11:55:28 IST" skipped="0">
  <testcase classname="testBase.AccountRegistrationClass" name="verify_account_registration" time="2.462"/>
</testsuite> <!-- testBase.AccountRegistrationClass -->
