<?xml version="1.0" encoding="UTF-8"?>
<!-- Generated by org.testng.reporters.JUnitReportReporter -->
<testsuite hostname="DESKTOP-ERJ7LO5" failures="0" tests="1" name="testCases.AccountRegistrationSetup" time="3.175" errors="0" timestamp="2024-09-03T11:17:50 IST" skipped="0">
  <testcase classname="testCases.AccountRegistrationSetup" name="verify_account_registration" time="3.175"/>
</testsuite> <!-- testCases.AccountRegistrationSetup -->
